[INFO] Scanning for projects...
[INFO] 
[INFO] ---------------< com.cryptowallet:crypto-wallet-backend >---------------
[INFO] Building crypto-wallet-backend 0.0.1-SNAPSHOT
[INFO]   from pom.xml
[INFO] --------------------------------[ jar ]---------------------------------
[INFO] 
[INFO] >>> spring-boot:3.2.0:run (default-cli) > test-compile @ crypto-wallet-backend >>>
[INFO] 
[INFO] --- resources:3.3.1:resources (default-resources) @ crypto-wallet-backend ---
[INFO] Copying 2 resources from src/main/resources to target/classes
[INFO] Copying 0 resource from src/main/resources to target/classes
[INFO] 
[INFO] --- compiler:3.11.0:compile (default-compile) @ crypto-wallet-backend ---
[INFO] Nothing to compile - all classes are up to date
[INFO] 
[INFO] --- resources:3.3.1:testResources (default-testResources) @ crypto-wallet-backend ---
[INFO] skip non existing resourceDirectory /Users/archilodishelidze/Desktop/dev/cryptowallet/backend/src/test/resources
[INFO] 
[INFO] --- compiler:3.11.0:testCompile (default-testCompile) @ crypto-wallet-backend ---
[INFO] Nothing to compile - all classes are up to date
[INFO] 
[INFO] <<< spring-boot:3.2.0:run (default-cli) < test-compile @ crypto-wallet-backend <<<
[INFO] 
[INFO] 
[INFO] --- spring-boot:3.2.0:run (default-cli) @ crypto-wallet-backend ---
[INFO] Attaching agents: []

  .   ____          _            __ _ _
 /\\ / ___'_ __ _ _(_)_ __  __ _ \ \ \ \
( ( )\___ | '_ | '_| | '_ \/ _` | \ \ \ \
 \\/  ___)| |_)| | | | | || (_| |  ) ) ) )
  '  |____| .__|_| |_|_| |_\__, | / / / /
 =========|_|==============|___/=/_/_/_/
[32m :: Spring Boot :: [39m              [2m (v3.2.0)[0;39m

[2m2025-09-19T13:08:44.226+04:00[0;39m [32m INFO[0;39m [35m44564[0;39m [2m---[0;39m [2m[crypto-wallet-backend] [           main][0;39m [2m[0;39m[36mc.cryptowallet.CryptoWalletApplication  [0;39m [2m:[0;39m Starting CryptoWalletApplication using Java 23.0.2 with PID 44564 (/Users/archilodishelidze/Desktop/dev/cryptowallet/backend/target/classes started by archilodishelidze in /Users/archilodishelidze/Desktop/dev/cryptowallet/backend)
[2m2025-09-19T13:08:44.226+04:00[0;39m [32mDEBUG[0;39m [35m44564[0;39m [2m---[0;39m [2m[crypto-wallet-backend] [           main][0;39m [2m[0;39m[36mc.cryptowallet.CryptoWalletApplication  [0;39m [2m:[0;39m Running with Spring Boot v3.2.0, Spring v6.1.1
[2m2025-09-19T13:08:44.227+04:00[0;39m [32m INFO[0;39m [35m44564[0;39m [2m---[0;39m [2m[crypto-wallet-backend] [           main][0;39m [2m[0;39m[36mc.cryptowallet.CryptoWalletApplication  [0;39m [2m:[0;39m No active profile set, falling back to 1 default profile: "default"
[2m2025-09-19T13:08:44.496+04:00[0;39m [32m INFO[0;39m [35m44564[0;39m [2m---[0;39m [2m[crypto-wallet-backend] [           main][0;39m [2m[0;39m[36m.s.d.r.c.RepositoryConfigurationDelegate[0;39m [2m:[0;39m Bootstrapping Spring Data JPA repositories in DEFAULT mode.
[2m2025-09-19T13:08:44.519+04:00[0;39m [32m INFO[0;39m [35m44564[0;39m [2m---[0;39m [2m[crypto-wallet-backend] [           main][0;39m [2m[0;39m[36m.s.d.r.c.RepositoryConfigurationDelegate[0;39m [2m:[0;39m Finished Spring Data repository scanning in 20 ms. Found 4 JPA repository interfaces.
[2m2025-09-19T13:08:44.735+04:00[0;39m [32m INFO[0;39m [35m44564[0;39m [2m---[0;39m [2m[crypto-wallet-backend] [           main][0;39m [2m[0;39m[36mo.s.b.w.embedded.tomcat.TomcatWebServer [0;39m [2m:[0;39m Tomcat initialized with port 8080 (http)
[2m2025-09-19T13:08:44.740+04:00[0;39m [32m INFO[0;39m [35m44564[0;39m [2m---[0;39m [2m[crypto-wallet-backend] [           main][0;39m [2m[0;39m[36mo.apache.catalina.core.StandardService  [0;39m [2m:[0;39m Starting service [Tomcat]
[2m2025-09-19T13:08:44.740+04:00[0;39m [32m INFO[0;39m [35m44564[0;39m [2m---[0;39m [2m[crypto-wallet-backend] [           main][0;39m [2m[0;39m[36mo.apache.catalina.core.StandardEngine   [0;39m [2m:[0;39m Starting Servlet engine: [Apache Tomcat/10.1.16]
[2m2025-09-19T13:08:44.790+04:00[0;39m [32m INFO[0;39m [35m44564[0;39m [2m---[0;39m [2m[crypto-wallet-backend] [           main][0;39m [2m[0;39m[36mo.a.c.c.C.[Tomcat].[localhost].[/]      [0;39m [2m:[0;39m Initializing Spring embedded WebApplicationContext
[2m2025-09-19T13:08:44.791+04:00[0;39m [32m INFO[0;39m [35m44564[0;39m [2m---[0;39m [2m[crypto-wallet-backend] [           main][0;39m [2m[0;39m[36mw.s.c.ServletWebServerApplicationContext[0;39m [2m:[0;39m Root WebApplicationContext: initialization completed in 544 ms
[2m2025-09-19T13:08:44.853+04:00[0;39m [32m INFO[0;39m [35m44564[0;39m [2m---[0;39m [2m[crypto-wallet-backend] [           main][0;39m [2m[0;39m[36mo.hibernate.jpa.internal.util.LogHelper [0;39m [2m:[0;39m HHH000204: Processing PersistenceUnitInfo [name: default]
[2m2025-09-19T13:08:44.880+04:00[0;39m [32m INFO[0;39m [35m44564[0;39m [2m---[0;39m [2m[crypto-wallet-backend] [           main][0;39m [2m[0;39m[36morg.hibernate.Version                   [0;39m [2m:[0;39m HHH000412: Hibernate ORM core version 6.3.1.Final
[2m2025-09-19T13:08:44.892+04:00[0;39m [32m INFO[0;39m [35m44564[0;39m [2m---[0;39m [2m[crypto-wallet-backend] [           main][0;39m [2m[0;39m[36mo.h.c.internal.RegionFactoryInitiator   [0;39m [2m:[0;39m HHH000026: Second-level cache disabled
[2m2025-09-19T13:08:44.985+04:00[0;39m [32m INFO[0;39m [35m44564[0;39m [2m---[0;39m [2m[crypto-wallet-backend] [           main][0;39m [2m[0;39m[36mo.s.o.j.p.SpringPersistenceUnitInfo     [0;39m [2m:[0;39m No LoadTimeWeaver setup: ignoring JPA class transformer
[2m2025-09-19T13:08:44.995+04:00[0;39m [32m INFO[0;39m [35m44564[0;39m [2m---[0;39m [2m[crypto-wallet-backend] [           main][0;39m [2m[0;39m[36mcom.zaxxer.hikari.HikariDataSource      [0;39m [2m:[0;39m HikariPool-1 - Starting...
[2m2025-09-19T13:08:45.099+04:00[0;39m [32m INFO[0;39m [35m44564[0;39m [2m---[0;39m [2m[crypto-wallet-backend] [           main][0;39m [2m[0;39m[36mcom.zaxxer.hikari.pool.HikariPool       [0;39m [2m:[0;39m HikariPool-1 - Added connection org.postgresql.jdbc.PgConnection@23afc725
[2m2025-09-19T13:08:45.099+04:00[0;39m [32m INFO[0;39m [35m44564[0;39m [2m---[0;39m [2m[crypto-wallet-backend] [           main][0;39m [2m[0;39m[36mcom.zaxxer.hikari.HikariDataSource      [0;39m [2m:[0;39m HikariPool-1 - Start completed.
[2m2025-09-19T13:08:45.127+04:00[0;39m [33m WARN[0;39m [35m44564[0;39m [2m---[0;39m [2m[crypto-wallet-backend] [           main][0;39m [2m[0;39m[36morg.hibernate.orm.deprecation           [0;39m [2m:[0;39m HHH90000025: PostgreSQLDialect does not need to be specified explicitly using 'hibernate.dialect' (remove the property setting and it will be selected by default)
[2m2025-09-19T13:08:45.488+04:00[0;39m [32m INFO[0;39m [35m44564[0;39m [2m---[0;39m [2m[crypto-wallet-backend] [           main][0;39m [2m[0;39m[36mo.h.e.t.j.p.i.JtaPlatformInitiator      [0;39m [2m:[0;39m HHH000489: No JTA platform available (set 'hibernate.transaction.jta.platform' to enable JTA platform integration)
[2m2025-09-19T13:08:45.529+04:00[0;39m [32mDEBUG[0;39m [35m44564[0;39m [2m---[0;39m [2m[crypto-wallet-backend] [           main][0;39m [2m[0;39m[36morg.hibernate.SQL                       [0;39m [2m:[0;39m 
    create table admins (
        id bigserial not null,
        active boolean,
        created_at timestamp(6) not null,
        email varchar(255) not null,
        first_name varchar(255),
        last_login timestamp(6),
        last_name varchar(255),
        password varchar(255) not null,
        role varchar(255) not null check (role in ('SUPER_ADMIN','ADMIN','MODERATOR','SUPPORT')),
        updated_at timestamp(6),
        username varchar(255) not null,
        primary key (id)
    )
Hibernate: 
    create table admins (
        id bigserial not null,
        active boolean,
        created_at timestamp(6) not null,
        email varchar(255) not null,
        first_name varchar(255),
        last_login timestamp(6),
        last_name varchar(255),
        password varchar(255) not null,
        role varchar(255) not null check (role in ('SUPER_ADMIN','ADMIN','MODERATOR','SUPPORT')),
        updated_at timestamp(6),
        username varchar(255) not null,
        primary key (id)
    )
[2m2025-09-19T13:08:45.539+04:00[0;39m [32mDEBUG[0;39m [35m44564[0;39m [2m---[0;39m [2m[crypto-wallet-backend] [           main][0;39m [2m[0;39m[36morg.hibernate.SQL                       [0;39m [2m:[0;39m 
    alter table if exists admins 
       drop constraint if exists UK_47bvqemyk6vlm0w7crc3opdd4
Hibernate: 
    alter table if exists admins 
       drop constraint if exists UK_47bvqemyk6vlm0w7crc3opdd4
[2m2025-09-19T13:08:45.540+04:00[0;39m [33m WARN[0;39m [35m44564[0;39m [2m---[0;39m [2m[crypto-wallet-backend] [           main][0;39m [2m[0;39m[36mo.h.engine.jdbc.spi.SqlExceptionHelper  [0;39m [2m:[0;39m SQL Warning Code: 0, SQLState: 00000
[2m2025-09-19T13:08:45.540+04:00[0;39m [33m WARN[0;39m [35m44564[0;39m [2m---[0;39m [2m[crypto-wallet-backend] [           main][0;39m [2m[0;39m[36mo.h.engine.jdbc.spi.SqlExceptionHelper  [0;39m [2m:[0;39m constraint "uk_47bvqemyk6vlm0w7crc3opdd4" of relation "admins" does not exist, skipping
[2m2025-09-19T13:08:45.541+04:00[0;39m [32mDEBUG[0;39m [35m44564[0;39m [2m---[0;39m [2m[crypto-wallet-backend] [           main][0;39m [2m[0;39m[36morg.hibernate.SQL                       [0;39m [2m:[0;39m 
    alter table if exists admins 
       add constraint UK_47bvqemyk6vlm0w7crc3opdd4 unique (email)
Hibernate: 
    alter table if exists admins 
       add constraint UK_47bvqemyk6vlm0w7crc3opdd4 unique (email)
[2m2025-09-19T13:08:45.542+04:00[0;39m [32mDEBUG[0;39m [35m44564[0;39m [2m---[0;39m [2m[crypto-wallet-backend] [           main][0;39m [2m[0;39m[36morg.hibernate.SQL                       [0;39m [2m:[0;39m 
    alter table if exists admins 
       drop constraint if exists UK_mi8vkhus4xbdbqcac2jm4spvd
Hibernate: 
    alter table if exists admins 
       drop constraint if exists UK_mi8vkhus4xbdbqcac2jm4spvd
[2m2025-09-19T13:08:45.543+04:00[0;39m [33m WARN[0;39m [35m44564[0;39m [2m---[0;39m [2m[crypto-wallet-backend] [           main][0;39m [2m[0;39m[36mo.h.engine.jdbc.spi.SqlExceptionHelper  [0;39m [2m:[0;39m SQL Warning Code: 0, SQLState: 00000
[2m2025-09-19T13:08:45.543+04:00[0;39m [33m WARN[0;39m [35m44564[0;39m [2m---[0;39m [2m[crypto-wallet-backend] [           main][0;39m [2m[0;39m[36mo.h.engine.jdbc.spi.SqlExceptionHelper  [0;39m [2m:[0;39m constraint "uk_mi8vkhus4xbdbqcac2jm4spvd" of relation "admins" does not exist, skipping
[2m2025-09-19T13:08:45.543+04:00[0;39m [32mDEBUG[0;39m [35m44564[0;39m [2m---[0;39m [2m[crypto-wallet-backend] [           main][0;39m [2m[0;39m[36morg.hibernate.SQL                       [0;39m [2m:[0;39m 
    alter table if exists admins 
       add constraint UK_mi8vkhus4xbdbqcac2jm4spvd unique (username)
Hibernate: 
    alter table if exists admins 
       add constraint UK_mi8vkhus4xbdbqcac2jm4spvd unique (username)
[2m2025-09-19T13:08:45.573+04:00[0;39m [32m INFO[0;39m [35m44564[0;39m [2m---[0;39m [2m[crypto-wallet-backend] [           main][0;39m [2m[0;39m[36mj.LocalContainerEntityManagerFactoryBean[0;39m [2m:[0;39m Initialized JPA EntityManagerFactory for persistence unit 'default'
[2m2025-09-19T13:08:45.710+04:00[0;39m [32m INFO[0;39m [35m44564[0;39m [2m---[0;39m [2m[crypto-wallet-backend] [           main][0;39m [2m[0;39m[36mo.s.d.j.r.query.QueryEnhancerFactory    [0;39m [2m:[0;39m Hibernate is in classpath; If applicable, HQL parser will be used.
[2m2025-09-19T13:08:46.221+04:00[0;39m [33m WARN[0;39m [35m44564[0;39m [2m---[0;39m [2m[crypto-wallet-backend] [           main][0;39m [2m[0;39m[36mJpaBaseConfiguration$JpaWebConfiguration[0;39m [2m:[0;39m spring.jpa.open-in-view is enabled by default. Therefore, database queries may be performed during view rendering. Explicitly configure spring.jpa.open-in-view to disable this warning
[2m2025-09-19T13:08:46.228+04:00[0;39m [33m WARN[0;39m [35m44564[0;39m [2m---[0;39m [2m[crypto-wallet-backend] [           main][0;39m [2m[0;39m[36m.s.s.UserDetailsServiceAutoConfiguration[0;39m [2m:[0;39m 

Using generated security password: b9bc860c-dec6-4c85-a611-e7bf1efa0ebd

This generated password is for development use only. Your security configuration must be updated before running your application in production.

[2m2025-09-19T13:08:46.334+04:00[0;39m [32m INFO[0;39m [35m44564[0;39m [2m---[0;39m [2m[crypto-wallet-backend] [           main][0;39m [2m[0;39m[36mo.s.s.web.DefaultSecurityFilterChain    [0;39m [2m:[0;39m Will secure any request with [org.springframework.security.web.session.DisableEncodeUrlFilter@4e02800b, org.springframework.security.web.context.request.async.WebAsyncManagerIntegrationFilter@71ca6a60, org.springframework.security.web.context.SecurityContextHolderFilter@6415a53d, org.springframework.security.web.header.HeaderWriterFilter@24e14ca6, org.springframework.web.filter.CorsFilter@1898593, org.springframework.security.web.authentication.logout.LogoutFilter@7476c5c2, org.springframework.security.web.savedrequest.RequestCacheAwareFilter@3d862f5c, org.springframework.security.web.servletapi.SecurityContextHolderAwareRequestFilter@409b96d2, org.springframework.security.web.authentication.AnonymousAuthenticationFilter@2d38e275, org.springframework.security.web.access.ExceptionTranslationFilter@1714fe69, org.springframework.security.web.access.intercept.AuthorizationFilter@2c127caf]
[2m2025-09-19T13:08:46.408+04:00[0;39m [32m INFO[0;39m [35m44564[0;39m [2m---[0;39m [2m[crypto-wallet-backend] [           main][0;39m [2m[0;39m[36mo.s.b.w.embedded.tomcat.TomcatWebServer [0;39m [2m:[0;39m Tomcat started on port 8080 (http) with context path ''
[2m2025-09-19T13:08:46.412+04:00[0;39m [32m INFO[0;39m [35m44564[0;39m [2m---[0;39m [2m[crypto-wallet-backend] [           main][0;39m [2m[0;39m[36mc.cryptowallet.CryptoWalletApplication  [0;39m [2m:[0;39m Started CryptoWalletApplication in 2.343 seconds (process running for 2.505)
[2m2025-09-19T13:08:57.165+04:00[0;39m [32m INFO[0;39m [35m44564[0;39m [2m---[0;39m [2m[crypto-wallet-backend] [nio-8080-exec-1][0;39m [2m[0;39m[36mo.a.c.c.C.[Tomcat].[localhost].[/]      [0;39m [2m:[0;39m Initializing Spring DispatcherServlet 'dispatcherServlet'
[2m2025-09-19T13:08:57.166+04:00[0;39m [32m INFO[0;39m [35m44564[0;39m [2m---[0;39m [2m[crypto-wallet-backend] [nio-8080-exec-1][0;39m [2m[0;39m[36mo.s.web.servlet.DispatcherServlet       [0;39m [2m:[0;39m Initializing Servlet 'dispatcherServlet'
[2m2025-09-19T13:08:57.168+04:00[0;39m [32m INFO[0;39m [35m44564[0;39m [2m---[0;39m [2m[crypto-wallet-backend] [nio-8080-exec-1][0;39m [2m[0;39m[36mo.s.web.servlet.DispatcherServlet       [0;39m [2m:[0;39m Completed initialization in 2 ms
[2m2025-09-19T13:08:57.189+04:00[0;39m [33m WARN[0;39m [35m44564[0;39m [2m---[0;39m [2m[crypto-wallet-backend] [nio-8080-exec-2][0;39m [2m[0;39m[36mo.s.w.s.h.HandlerMappingIntrospector    [0;39m [2m:[0;39m Cache miss for REQUEST dispatch to '/api/users/login' (previous null). Performing MatchableHandlerMapping lookup. This is logged once only at WARN level, and every time at TRACE.
[2m2025-09-19T13:08:57.311+04:00[0;39m [32mDEBUG[0;39m [35m44564[0;39m [2m---[0;39m [2m[crypto-wallet-backend] [nio-8080-exec-2][0;39m [2m[0;39m[36morg.hibernate.SQL                       [0;39m [2m:[0;39m 
    select
        u1_0.id,
        u1_0.active,
        u1_0.created_at,
        u1_0.email,
        u1_0.first_name,
        u1_0.last_name,
        u1_0.password,
        u1_0.updated_at,
        u1_0.username 
    from
        users u1_0 
    where
        u1_0.username=?
Hibernate: 
    select
        u1_0.id,
        u1_0.active,
        u1_0.created_at,
        u1_0.email,
        u1_0.first_name,
        u1_0.last_name,
        u1_0.password,
        u1_0.updated_at,
        u1_0.username 
    from
        users u1_0 
    where
        u1_0.username=?
[2m2025-09-19T13:08:57.317+04:00[0;39m [33m WARN[0;39m [35m44564[0;39m [2m---[0;39m [2m[crypto-wallet-backend] [nio-8080-exec-2][0;39m [2m[0;39m[36mcom.cryptowallet.service.UserService    [0;39m [2m:[0;39m Authentication failed for username: admin
[2m2025-09-19T13:09:22.383+04:00[0;39m [32mDEBUG[0;39m [35m44564[0;39m [2m---[0;39m [2m[crypto-wallet-backend] [nio-8080-exec-4][0;39m [2m[0;39m[36morg.hibernate.SQL                       [0;39m [2m:[0;39m 
    select
        u1_0.id,
        u1_0.active,
        u1_0.created_at,
        u1_0.email,
        u1_0.first_name,
        u1_0.last_name,
        u1_0.password,
        u1_0.updated_at,
        u1_0.username 
    from
        users u1_0 
    where
        u1_0.username=?
Hibernate: 
    select
        u1_0.id,
        u1_0.active,
        u1_0.created_at,
        u1_0.email,
        u1_0.first_name,
        u1_0.last_name,
        u1_0.password,
        u1_0.updated_at,
        u1_0.username 
    from
        users u1_0 
    where
        u1_0.username=?
[2m2025-09-19T13:09:22.396+04:00[0;39m [33m WARN[0;39m [35m44564[0;39m [2m---[0;39m [2m[crypto-wallet-backend] [nio-8080-exec-4][0;39m [2m[0;39m[36mcom.cryptowallet.service.UserService    [0;39m [2m:[0;39m Authentication failed for username: admin@gmail.com
[2m2025-09-19T13:09:28.590+04:00[0;39m [32mDEBUG[0;39m [35m44564[0;39m [2m---[0;39m [2m[crypto-wallet-backend] [nio-8080-exec-6][0;39m [2m[0;39m[36morg.hibernate.SQL                       [0;39m [2m:[0;39m 
    select
        u1_0.id,
        u1_0.active,
        u1_0.created_at,
        u1_0.email,
        u1_0.first_name,
        u1_0.last_name,
        u1_0.password,
        u1_0.updated_at,
        u1_0.username 
    from
        users u1_0 
    where
        u1_0.username=?
Hibernate: 
    select
        u1_0.id,
        u1_0.active,
        u1_0.created_at,
        u1_0.email,
        u1_0.first_name,
        u1_0.last_name,
        u1_0.password,
        u1_0.updated_at,
        u1_0.username 
    from
        users u1_0 
    where
        u1_0.username=?
[2m2025-09-19T13:09:28.595+04:00[0;39m [33m WARN[0;39m [35m44564[0;39m [2m---[0;39m [2m[crypto-wallet-backend] [nio-8080-exec-6][0;39m [2m[0;39m[36mcom.cryptowallet.service.UserService    [0;39m [2m:[0;39m Authentication failed for username: admin@gmail.com
[2m2025-09-19T13:10:30.488+04:00[0;39m [32mDEBUG[0;39m [35m44564[0;39m [2m---[0;39m [2m[crypto-wallet-backend] [nio-8080-exec-9][0;39m [2m[0;39m[36morg.hibernate.SQL                       [0;39m [2m:[0;39m 
    select
        u1_0.id,
        u1_0.active,
        u1_0.created_at,
        u1_0.email,
        u1_0.first_name,
        u1_0.last_name,
        u1_0.password,
        u1_0.updated_at,
        u1_0.username 
    from
        users u1_0 
    where
        u1_0.username=?
Hibernate: 
    select
        u1_0.id,
        u1_0.active,
        u1_0.created_at,
        u1_0.email,
        u1_0.first_name,
        u1_0.last_name,
        u1_0.password,
        u1_0.updated_at,
        u1_0.username 
    from
        users u1_0 
    where
        u1_0.username=?
[2m2025-09-19T13:10:30.547+04:00[0;39m [32mDEBUG[0;39m [35m44564[0;39m [2m---[0;39m [2m[crypto-wallet-backend] [nio-8080-exec-9][0;39m [2m[0;39m[36morg.hibernate.SQL                       [0;39m [2m:[0;39m 
    select
        w1_0.user_id,
        w1_0.id,
        w1_0.active,
        w1_0.address,
        w1_0.balance,
        w1_0.created_at,
        w1_0.currency,
        w1_0.private_key,
        w1_0.updated_at 
    from
        wallets w1_0 
    where
        w1_0.user_id=?
Hibernate: 
    select
        w1_0.user_id,
        w1_0.id,
        w1_0.active,
        w1_0.address,
        w1_0.balance,
        w1_0.created_at,
        w1_0.currency,
        w1_0.private_key,
        w1_0.updated_at 
    from
        wallets w1_0 
    where
        w1_0.user_id=?
[2m2025-09-19T13:10:30.642+04:00[0;39m [33m WARN[0;39m [35m44564[0;39m [2m---[0;39m [2m[crypto-wallet-backend] [nio-8080-exec-9][0;39m [2m[0;39m[36mcom.cryptowallet.service.UserService    [0;39m [2m:[0;39m Authentication failed for username: condor
[2m2025-09-19T13:10:36.390+04:00[0;39m [32mDEBUG[0;39m [35m44564[0;39m [2m---[0;39m [2m[crypto-wallet-backend] [nio-8080-exec-1][0;39m [2m[0;39m[36morg.hibernate.SQL                       [0;39m [2m:[0;39m 
    select
        u1_0.id,
        u1_0.active,
        u1_0.created_at,
        u1_0.email,
        u1_0.first_name,
        u1_0.last_name,
        u1_0.password,
        u1_0.updated_at,
        u1_0.username 
    from
        users u1_0 
    where
        u1_0.username=?
Hibernate: 
    select
        u1_0.id,
        u1_0.active,
        u1_0.created_at,
        u1_0.email,
        u1_0.first_name,
        u1_0.last_name,
        u1_0.password,
        u1_0.updated_at,
        u1_0.username 
    from
        users u1_0 
    where
        u1_0.username=?
[2m2025-09-19T13:10:36.393+04:00[0;39m [32mDEBUG[0;39m [35m44564[0;39m [2m---[0;39m [2m[crypto-wallet-backend] [nio-8080-exec-1][0;39m [2m[0;39m[36morg.hibernate.SQL                       [0;39m [2m:[0;39m 
    select
        w1_0.user_id,
        w1_0.id,
        w1_0.active,
        w1_0.address,
        w1_0.balance,
        w1_0.created_at,
        w1_0.currency,
        w1_0.private_key,
        w1_0.updated_at 
    from
        wallets w1_0 
    where
        w1_0.user_id=?
Hibernate: 
    select
        w1_0.user_id,
        w1_0.id,
        w1_0.active,
        w1_0.address,
        w1_0.balance,
        w1_0.created_at,
        w1_0.currency,
        w1_0.private_key,
        w1_0.updated_at 
    from
        wallets w1_0 
    where
        w1_0.user_id=?
[2m2025-09-19T13:10:36.513+04:00[0;39m [33m WARN[0;39m [35m44564[0;39m [2m---[0;39m [2m[crypto-wallet-backend] [nio-8080-exec-1][0;39m [2m[0;39m[36mcom.cryptowallet.service.UserService    [0;39m [2m:[0;39m Authentication failed for username: condor
[2m2025-09-19T13:11:14.603+04:00[0;39m [32mDEBUG[0;39m [35m44564[0;39m [2m---[0;39m [2m[crypto-wallet-backend] [nio-8080-exec-3][0;39m [2m[0;39m[36morg.hibernate.SQL                       [0;39m [2m:[0;39m 
    select
        u1_0.id 
    from
        users u1_0 
    where
        u1_0.username=? 
    fetch
        first ? rows only
Hibernate: 
    select
        u1_0.id 
    from
        users u1_0 
    where
        u1_0.username=? 
    fetch
        first ? rows only
[2m2025-09-19T13:11:14.608+04:00[0;39m [32mDEBUG[0;39m [35m44564[0;39m [2m---[0;39m [2m[crypto-wallet-backend] [nio-8080-exec-3][0;39m [2m[0;39m[36morg.hibernate.SQL                       [0;39m [2m:[0;39m 
    select
        u1_0.id 
    from
        users u1_0 
    where
        u1_0.email=? 
    fetch
        first ? rows only
Hibernate: 
    select
        u1_0.id 
    from
        users u1_0 
    where
        u1_0.email=? 
    fetch
        first ? rows only
[2m2025-09-19T13:11:14.715+04:00[0;39m [32mDEBUG[0;39m [35m44564[0;39m [2m---[0;39m [2m[crypto-wallet-backend] [nio-8080-exec-3][0;39m [2m[0;39m[36morg.hibernate.SQL                       [0;39m [2m:[0;39m 
    insert 
    into
        users
        (active, created_at, email, first_name, last_name, password, updated_at, username) 
    values
        (?, ?, ?, ?, ?, ?, ?, ?)
Hibernate: 
    insert 
    into
        users
        (active, created_at, email, first_name, last_name, password, updated_at, username) 
    values
        (?, ?, ?, ?, ?, ?, ?, ?)
[2m2025-09-19T13:11:14.728+04:00[0;39m [32m INFO[0;39m [35m44564[0;39m [2m---[0;39m [2m[crypto-wallet-backend] [nio-8080-exec-3][0;39m [2m[0;39m[36mcom.cryptowallet.service.UserService    [0;39m [2m:[0;39m User registered successfully: grinch
[2m2025-09-19T13:11:14.826+04:00[0;39m [32mDEBUG[0;39m [35m44564[0;39m [2m---[0;39m [2m[crypto-wallet-backend] [nio-8080-exec-4][0;39m [2m[0;39m[36morg.hibernate.SQL                       [0;39m [2m:[0;39m 
    select
        w1_0.id,
        w1_0.active,
        w1_0.address,
        w1_0.balance,
        w1_0.created_at,
        w1_0.currency,
        w1_0.private_key,
        w1_0.updated_at,
        w1_0.user_id 
    from
        wallets w1_0 
    where
        w1_0.user_id=?
Hibernate: 
    select
        w1_0.id,
        w1_0.active,
        w1_0.address,
        w1_0.balance,
        w1_0.created_at,
        w1_0.currency,
        w1_0.private_key,
        w1_0.updated_at,
        w1_0.user_id 
    from
        wallets w1_0 
    where
        w1_0.user_id=?
[2m2025-09-19T13:11:14.837+04:00[0;39m [32mDEBUG[0;39m [35m44564[0;39m [2m---[0;39m [2m[crypto-wallet-backend] [nio-8080-exec-5][0;39m [2m[0;39m[36morg.hibernate.SQL                       [0;39m [2m:[0;39m 
    select
        w1_0.id,
        w1_0.active,
        w1_0.address,
        w1_0.balance,
        w1_0.created_at,
        w1_0.currency,
        w1_0.private_key,
        w1_0.updated_at,
        w1_0.user_id 
    from
        wallets w1_0 
    where
        w1_0.user_id=?
Hibernate: 
    select
        w1_0.id,
        w1_0.active,
        w1_0.address,
        w1_0.balance,
        w1_0.created_at,
        w1_0.currency,
        w1_0.private_key,
        w1_0.updated_at,
        w1_0.user_id 
    from
        wallets w1_0 
    where
        w1_0.user_id=?
[2m2025-09-19T13:13:32.669+04:00[0;39m [32mDEBUG[0;39m [35m44564[0;39m [2m---[0;39m [2m[crypto-wallet-backend] [nio-8080-exec-8][0;39m [2m[0;39m[36morg.hibernate.SQL                       [0;39m [2m:[0;39m 
    select
        a1_0.id,
        a1_0.active,
        a1_0.created_at,
        a1_0.email,
        a1_0.first_name,
        a1_0.last_login,
        a1_0.last_name,
        a1_0.password,
        a1_0.role,
        a1_0.updated_at,
        a1_0.username 
    from
        admins a1_0 
    where
        a1_0.active 
    order by
        a1_0.created_at desc 
    offset
        ? rows 
    fetch
        first ? rows only
Hibernate: 
    select
        a1_0.id,
        a1_0.active,
        a1_0.created_at,
        a1_0.email,
        a1_0.first_name,
        a1_0.last_login,
        a1_0.last_name,
        a1_0.password,
        a1_0.role,
        a1_0.updated_at,
        a1_0.username 
    from
        admins a1_0 
    where
        a1_0.active 
    order by
        a1_0.created_at desc 
    offset
        ? rows 
    fetch
        first ? rows only
[2m2025-09-19T13:13:36.295+04:00[0;39m [32mDEBUG[0;39m [35m44564[0;39m [2m---[0;39m [2m[crypto-wallet-backend] [nio-8080-exec-1][0;39m [2m[0;39m[36morg.hibernate.SQL                       [0;39m [2m:[0;39m 
    select
        a1_0.id,
        a1_0.active,
        a1_0.created_at,
        a1_0.email,
        a1_0.first_name,
        a1_0.last_login,
        a1_0.last_name,
        a1_0.password,
        a1_0.role,
        a1_0.updated_at,
        a1_0.username 
    from
        admins a1_0 
    where
        a1_0.active 
    order by
        a1_0.created_at desc 
    offset
        ? rows 
    fetch
        first ? rows only
Hibernate: 
    select
        a1_0.id,
        a1_0.active,
        a1_0.created_at,
        a1_0.email,
        a1_0.first_name,
        a1_0.last_login,
        a1_0.last_name,
        a1_0.password,
        a1_0.role,
        a1_0.updated_at,
        a1_0.username 
    from
        admins a1_0 
    where
        a1_0.active 
    order by
        a1_0.created_at desc 
    offset
        ? rows 
    fetch
        first ? rows only
[2m2025-09-19T13:15:34.809+04:00[0;39m [32mDEBUG[0;39m [35m44564[0;39m [2m---[0;39m [2m[crypto-wallet-backend] [nio-8080-exec-6][0;39m [2m[0;39m[36morg.hibernate.SQL                       [0;39m [2m:[0;39m 
    select
        w1_0.id,
        w1_0.active,
        w1_0.address,
        w1_0.balance,
        w1_0.created_at,
        w1_0.currency,
        w1_0.private_key,
        w1_0.updated_at,
        w1_0.user_id 
    from
        wallets w1_0 
    where
        w1_0.user_id=?
Hibernate: 
    select
        w1_0.id,
        w1_0.active,
        w1_0.address,
        w1_0.balance,
        w1_0.created_at,
        w1_0.currency,
        w1_0.private_key,
        w1_0.updated_at,
        w1_0.user_id 
    from
        wallets w1_0 
    where
        w1_0.user_id=?
[2m2025-09-19T13:15:34.856+04:00[0;39m [32mDEBUG[0;39m [35m44564[0;39m [2m---[0;39m [2m[crypto-wallet-backend] [nio-8080-exec-8][0;39m [2m[0;39m[36morg.hibernate.SQL                       [0;39m [2m:[0;39m 
    select
        w1_0.id,
        w1_0.active,
        w1_0.address,
        w1_0.balance,
        w1_0.created_at,
        w1_0.currency,
        w1_0.private_key,
        w1_0.updated_at,
        w1_0.user_id 
    from
        wallets w1_0 
    where
        w1_0.user_id=?
Hibernate: 
    select
        w1_0.id,
        w1_0.active,
        w1_0.address,
        w1_0.balance,
        w1_0.created_at,
        w1_0.currency,
        w1_0.private_key,
        w1_0.updated_at,
        w1_0.user_id 
    from
        wallets w1_0 
    where
        w1_0.user_id=?
[2m2025-09-19T13:15:41.664+04:00[0;39m [32mDEBUG[0;39m [35m44564[0;39m [2m---[0;39m [2m[crypto-wallet-backend] [nio-8080-exec-2][0;39m [2m[0;39m[36morg.hibernate.SQL                       [0;39m [2m:[0;39m 
    select
        u1_0.id,
        u1_0.active,
        u1_0.created_at,
        u1_0.email,
        u1_0.first_name,
        u1_0.last_name,
        u1_0.password,
        u1_0.updated_at,
        u1_0.username,
        w1_0.user_id,
        w1_0.id,
        w1_0.active,
        w1_0.address,
        w1_0.balance,
        w1_0.created_at,
        w1_0.currency,
        w1_0.private_key,
        w1_0.updated_at 
    from
        users u1_0 
    left join
        wallets w1_0 
            on u1_0.id=w1_0.user_id 
    where
        u1_0.id=?
Hibernate: 
    select
        u1_0.id,
        u1_0.active,
        u1_0.created_at,
        u1_0.email,
        u1_0.first_name,
        u1_0.last_name,
        u1_0.password,
        u1_0.updated_at,
        u1_0.username,
        w1_0.user_id,
        w1_0.id,
        w1_0.active,
        w1_0.address,
        w1_0.balance,
        w1_0.created_at,
        w1_0.currency,
        w1_0.private_key,
        w1_0.updated_at 
    from
        users u1_0 
    left join
        wallets w1_0 
            on u1_0.id=w1_0.user_id 
    where
        u1_0.id=?
[2m2025-09-19T13:15:41.888+04:00[0;39m [32m INFO[0;39m [35m44564[0;39m [2m---[0;39m [2m[crypto-wallet-backend] [nio-8080-exec-2][0;39m [2m[0;39m[36mc.c.service.TronWalletService           [0;39m [2m:[0;39m Generated Tron key pair: T3367a1b3d01322a01bdf99e36de42fd144
[2m2025-09-19T13:15:41.893+04:00[0;39m [32mDEBUG[0;39m [35m44564[0;39m [2m---[0;39m [2m[crypto-wallet-backend] [nio-8080-exec-2][0;39m [2m[0;39m[36morg.hibernate.SQL                       [0;39m [2m:[0;39m 
    insert 
    into
        wallets
        (active, address, balance, created_at, currency, private_key, updated_at, user_id) 
    values
        (?, ?, ?, ?, ?, ?, ?, ?)
Hibernate: 
    insert 
    into
        wallets
        (active, address, balance, created_at, currency, private_key, updated_at, user_id) 
    values
        (?, ?, ?, ?, ?, ?, ?, ?)
[2m2025-09-19T13:15:41.902+04:00[0;39m [32m INFO[0;39m [35m44564[0;39m [2m---[0;39m [2m[crypto-wallet-backend] [nio-8080-exec-2][0;39m [2m[0;39m[36mcom.cryptowallet.service.WalletService  [0;39m [2m:[0;39m Wallet created successfully: T3367a1b3d01322a01bdf99e36de42fd144 for user: grinch
[2m2025-09-19T13:15:41.921+04:00[0;39m [32mDEBUG[0;39m [35m44564[0;39m [2m---[0;39m [2m[crypto-wallet-backend] [nio-8080-exec-3][0;39m [2m[0;39m[36morg.hibernate.SQL                       [0;39m [2m:[0;39m 
    select
        w1_0.id,
        w1_0.active,
        w1_0.address,
        w1_0.balance,
        w1_0.created_at,
        w1_0.currency,
        w1_0.private_key,
        w1_0.updated_at,
        w1_0.user_id 
    from
        wallets w1_0 
    where
        w1_0.user_id=?
Hibernate: 
    select
        w1_0.id,
        w1_0.active,
        w1_0.address,
        w1_0.balance,
        w1_0.created_at,
        w1_0.currency,
        w1_0.private_key,
        w1_0.updated_at,
        w1_0.user_id 
    from
        wallets w1_0 
    where
        w1_0.user_id=?
[2m2025-09-19T13:15:42.975+04:00[0;39m [32mDEBUG[0;39m [35m44564[0;39m [2m---[0;39m [2m[crypto-wallet-backend] [nio-8080-exec-5][0;39m [2m[0;39m[36morg.hibernate.SQL                       [0;39m [2m:[0;39m 
    select
        u1_0.id,
        u1_0.active,
        u1_0.created_at,
        u1_0.email,
        u1_0.first_name,
        u1_0.last_name,
        u1_0.password,
        u1_0.updated_at,
        u1_0.username,
        w1_0.user_id,
        w1_0.id,
        w1_0.active,
        w1_0.address,
        w1_0.balance,
        w1_0.created_at,
        w1_0.currency,
        w1_0.private_key,
        w1_0.updated_at 
    from
        users u1_0 
    left join
        wallets w1_0 
            on u1_0.id=w1_0.user_id 
    where
        u1_0.id=?
Hibernate: 
    select
        u1_0.id,
        u1_0.active,
        u1_0.created_at,
        u1_0.email,
        u1_0.first_name,
        u1_0.last_name,
        u1_0.password,
        u1_0.updated_at,
        u1_0.username,
        w1_0.user_id,
        w1_0.id,
        w1_0.active,
        w1_0.address,
        w1_0.balance,
        w1_0.created_at,
        w1_0.currency,
        w1_0.private_key,
        w1_0.updated_at 
    from
        users u1_0 
    left join
        wallets w1_0 
            on u1_0.id=w1_0.user_id 
    where
        u1_0.id=?
[2m2025-09-19T13:15:43.022+04:00[0;39m [32m INFO[0;39m [35m44564[0;39m [2m---[0;39m [2m[crypto-wallet-backend] [nio-8080-exec-5][0;39m [2m[0;39m[36mc.c.service.BitcoinWalletService        [0;39m [2m:[0;39m Generated Bitcoin key pair: bc1q034900ab58f09fae1a266ca17830aab8
[2m2025-09-19T13:15:43.023+04:00[0;39m [32mDEBUG[0;39m [35m44564[0;39m [2m---[0;39m [2m[crypto-wallet-backend] [nio-8080-exec-5][0;39m [2m[0;39m[36morg.hibernate.SQL                       [0;39m [2m:[0;39m 
    insert 
    into
        wallets
        (active, address, balance, created_at, currency, private_key, updated_at, user_id) 
    values
        (?, ?, ?, ?, ?, ?, ?, ?)
Hibernate: 
    insert 
    into
        wallets
        (active, address, balance, created_at, currency, private_key, updated_at, user_id) 
    values
        (?, ?, ?, ?, ?, ?, ?, ?)
[2m2025-09-19T13:15:43.029+04:00[0;39m [32m INFO[0;39m [35m44564[0;39m [2m---[0;39m [2m[crypto-wallet-backend] [nio-8080-exec-5][0;39m [2m[0;39m[36mcom.cryptowallet.service.WalletService  [0;39m [2m:[0;39m Wallet created successfully: bc1q034900ab58f09fae1a266ca17830aab8 for user: grinch
[2m2025-09-19T13:15:43.048+04:00[0;39m [32mDEBUG[0;39m [35m44564[0;39m [2m---[0;39m [2m[crypto-wallet-backend] [nio-8080-exec-7][0;39m [2m[0;39m[36morg.hibernate.SQL                       [0;39m [2m:[0;39m 
    select
        w1_0.id,
        w1_0.active,
        w1_0.address,
        w1_0.balance,
        w1_0.created_at,
        w1_0.currency,
        w1_0.private_key,
        w1_0.updated_at,
        w1_0.user_id 
    from
        wallets w1_0 
    where
        w1_0.user_id=?
Hibernate: 
    select
        w1_0.id,
        w1_0.active,
        w1_0.address,
        w1_0.balance,
        w1_0.created_at,
        w1_0.currency,
        w1_0.private_key,
        w1_0.updated_at,
        w1_0.user_id 
    from
        wallets w1_0 
    where
        w1_0.user_id=?
[2m2025-09-19T13:16:08.186+04:00[0;39m [32mDEBUG[0;39m [35m44564[0;39m [2m---[0;39m [2m[crypto-wallet-backend] [io-8080-exec-10][0;39m [2m[0;39m[36morg.hibernate.SQL                       [0;39m [2m:[0;39m 
    select
        u1_0.id,
        u1_0.active,
        u1_0.created_at,
        u1_0.email,
        u1_0.first_name,
        u1_0.last_name,
        u1_0.password,
        u1_0.updated_at,
        u1_0.username 
    from
        users u1_0 
    where
        u1_0.username=?
Hibernate: 
    select
        u1_0.id,
        u1_0.active,
        u1_0.created_at,
        u1_0.email,
        u1_0.first_name,
        u1_0.last_name,
        u1_0.password,
        u1_0.updated_at,
        u1_0.username 
    from
        users u1_0 
    where
        u1_0.username=?
[2m2025-09-19T13:16:08.194+04:00[0;39m [32mDEBUG[0;39m [35m44564[0;39m [2m---[0;39m [2m[crypto-wallet-backend] [io-8080-exec-10][0;39m [2m[0;39m[36morg.hibernate.SQL                       [0;39m [2m:[0;39m 
    select
        w1_0.user_id,
        w1_0.id,
        w1_0.active,
        w1_0.address,
        w1_0.balance,
        w1_0.created_at,
        w1_0.currency,
        w1_0.private_key,
        w1_0.updated_at 
    from
        wallets w1_0 
    where
        w1_0.user_id=?
Hibernate: 
    select
        w1_0.user_id,
        w1_0.id,
        w1_0.active,
        w1_0.address,
        w1_0.balance,
        w1_0.created_at,
        w1_0.currency,
        w1_0.private_key,
        w1_0.updated_at 
    from
        wallets w1_0 
    where
        w1_0.user_id=?
[2m2025-09-19T13:16:08.428+04:00[0;39m [32m INFO[0;39m [35m44564[0;39m [2m---[0;39m [2m[crypto-wallet-backend] [io-8080-exec-10][0;39m [2m[0;39m[36mcom.cryptowallet.service.UserService    [0;39m [2m:[0;39m User authenticated successfully: grinch
[2m2025-09-19T13:16:08.449+04:00[0;39m [32mDEBUG[0;39m [35m44564[0;39m [2m---[0;39m [2m[crypto-wallet-backend] [nio-8080-exec-9][0;39m [2m[0;39m[36morg.hibernate.SQL                       [0;39m [2m:[0;39m 
    select
        w1_0.id,
        w1_0.active,
        w1_0.address,
        w1_0.balance,
        w1_0.created_at,
        w1_0.currency,
        w1_0.private_key,
        w1_0.updated_at,
        w1_0.user_id 
    from
        wallets w1_0 
    where
        w1_0.user_id=?
Hibernate: 
    select
        w1_0.id,
        w1_0.active,
        w1_0.address,
        w1_0.balance,
        w1_0.created_at,
        w1_0.currency,
        w1_0.private_key,
        w1_0.updated_at,
        w1_0.user_id 
    from
        wallets w1_0 
    where
        w1_0.user_id=?
[2m2025-09-19T13:16:08.455+04:00[0;39m [32mDEBUG[0;39m [35m44564[0;39m [2m---[0;39m [2m[crypto-wallet-backend] [nio-8080-exec-1][0;39m [2m[0;39m[36morg.hibernate.SQL                       [0;39m [2m:[0;39m 
    select
        w1_0.id,
        w1_0.active,
        w1_0.address,
        w1_0.balance,
        w1_0.created_at,
        w1_0.currency,
        w1_0.private_key,
        w1_0.updated_at,
        w1_0.user_id 
    from
        wallets w1_0 
    where
        w1_0.user_id=?
Hibernate: 
    select
        w1_0.id,
        w1_0.active,
        w1_0.address,
        w1_0.balance,
        w1_0.created_at,
        w1_0.currency,
        w1_0.private_key,
        w1_0.updated_at,
        w1_0.user_id 
    from
        wallets w1_0 
    where
        w1_0.user_id=?
[2m2025-09-19T13:16:37.075+04:00[0;39m [32mDEBUG[0;39m [35m44564[0;39m [2m---[0;39m [2m[crypto-wallet-backend] [nio-8080-exec-5][0;39m [2m[0;39m[36morg.hibernate.SQL                       [0;39m [2m:[0;39m 
    select
        u1_0.id,
        u1_0.active,
        u1_0.created_at,
        u1_0.email,
        u1_0.first_name,
        u1_0.last_name,
        u1_0.password,
        u1_0.updated_at,
        u1_0.username 
    from
        users u1_0 
    where
        u1_0.username=?
Hibernate: 
    select
        u1_0.id,
        u1_0.active,
        u1_0.created_at,
        u1_0.email,
        u1_0.first_name,
        u1_0.last_name,
        u1_0.password,
        u1_0.updated_at,
        u1_0.username 
    from
        users u1_0 
    where
        u1_0.username=?
[2m2025-09-19T13:16:37.080+04:00[0;39m [33m WARN[0;39m [35m44564[0;39m [2m---[0;39m [2m[crypto-wallet-backend] [nio-8080-exec-5][0;39m [2m[0;39m[36mcom.cryptowallet.service.UserService    [0;39m [2m:[0;39m Authentication failed for username: admin
[2m2025-09-19T13:35:22.268+04:00[0;39m [33m WARN[0;39m [35m44564[0;39m [2m---[0;39m [2m[crypto-wallet-backend] [l-1 housekeeper][0;39m [2m[0;39m[36mcom.zaxxer.hikari.pool.HikariPool       [0;39m [2m:[0;39m HikariPool-1 - Thread starvation or clock leap detected (housekeeper delta=18m6s482ms).
[2m2025-09-19T13:48:23.473+04:00[0;39m [33m WARN[0;39m [35m44564[0;39m [2m---[0;39m [2m[crypto-wallet-backend] [l-1 housekeeper][0;39m [2m[0;39m[36mcom.zaxxer.hikari.pool.HikariPool       [0;39m [2m:[0;39m HikariPool-1 - Thread starvation or clock leap detected (housekeeper delta=13m1s209ms).
[2m2025-09-19T13:53:13.411+04:00[0;39m [32mDEBUG[0;39m [35m44564[0;39m [2m---[0;39m [2m[crypto-wallet-backend] [nio-8080-exec-6][0;39m [2m[0;39m[36morg.hibernate.SQL                       [0;39m [2m:[0;39m 
    select
        a1_0.id,
        a1_0.active,
        a1_0.created_at,
        a1_0.email,
        a1_0.first_name,
        a1_0.last_login,
        a1_0.last_name,
        a1_0.password,
        a1_0.role,
        a1_0.updated_at,
        a1_0.username 
    from
        admins a1_0 
    where
        a1_0.active 
    order by
        a1_0.created_at desc 
    offset
        ? rows 
    fetch
        first ? rows only
Hibernate: 
    select
        a1_0.id,
        a1_0.active,
        a1_0.created_at,
        a1_0.email,
        a1_0.first_name,
        a1_0.last_login,
        a1_0.last_name,
        a1_0.password,
        a1_0.role,
        a1_0.updated_at,
        a1_0.username 
    from
        admins a1_0 
    where
        a1_0.active 
    order by
        a1_0.created_at desc 
    offset
        ? rows 
    fetch
        first ? rows only
[2m2025-09-19T13:53:54.769+04:00[0;39m [32m INFO[0;39m [35m44564[0;39m [2m---[0;39m [2m[crypto-wallet-backend] [ionShutdownHook][0;39m [2m[0;39m[36mj.LocalContainerEntityManagerFactoryBean[0;39m [2m:[0;39m Closing JPA EntityManagerFactory for persistence unit 'default'
[2m2025-09-19T13:53:54.795+04:00[0;39m [32m INFO[0;39m [35m44564[0;39m [2m---[0;39m [2m[crypto-wallet-backend] [ionShutdownHook][0;39m [2m[0;39m[36mcom.zaxxer.hikari.HikariDataSource      [0;39m [2m:[0;39m HikariPool-1 - Shutdown initiated...
[2m2025-09-19T13:53:54.801+04:00[0;39m [32m INFO[0;39m [35m44564[0;39m [2m---[0;39m [2m[crypto-wallet-backend] [ionShutdownHook][0;39m [2m[0;39m[36mcom.zaxxer.hikari.HikariDataSource      [0;39m [2m:[0;39m HikariPool-1 - Shutdown completed.
